<?xml version="1.0" encoding="UTF-8"?>
<!-- Generated by org.testng.reporters.JUnitReportReporter -->
<testsuite skipped="0" hostname="fv-az131-387" name="org.bugInspector.javaInspector.WindowTest" tests="1" failures="0" timestamp="2022-03-15T11:59:19 UTC" time="0.003" errors="0">
  <testcase name="testT" time="0.003" classname="org.bugInspector.javaInspector.WindowTest"/>
  <system-out/>
</testsuite> <!-- org.bugInspector.javaInspector.WindowTest -->
