<?xml version="1.0" encoding="UTF-8"?>
<!-- Generated by org.testng.reporters.JUnitReportReporter -->
<testsuite skipped="0" hostname="fv-az83-55" name="org.bugInspector.javaInspector.WindowTest" tests="1" failures="0" timestamp="2022-03-11T12:44:47 UTC" time="0.005" errors="0">
  <testcase name="testT" time="0.005" classname="org.bugInspector.javaInspector.WindowTest"/>
  <system-out/>
</testsuite> <!-- org.bugInspector.javaInspector.WindowTest -->
