<?xml version="1.0" encoding="UTF-8"?>
<testsuite xmlns:xsi="http://www.w3.org/2001/XMLSchema-instance" xsi:noNamespaceSchemaLocation="https://maven.apache.org/surefire/maven-surefire-plugin/xsd/surefire-test-report-3.0.xsd" version="3.0" name="org.bugInspector.javaInspector.WindowTest" time="0.262" tests="1" errors="0" skipped="0" failures="0">
  <properties>
    <property name="awt.toolkit" value="sun.awt.X11.XToolkit"/>
    <property name="file.encoding.pkg" value="sun.io"/>
    <property name="java.specification.version" value="1.8"/>
    <property name="sun.cpu.isalist" value=""/>
    <property name="sun.jnu.encoding" value="UTF-8"/>
    <property name="java.class.path" value="/home/runner/work/javainspector/javainspector/core/${buildDirectory}/test-classes:/home/runner/work/javainspector/javainspector/core/${buildDirectory}/classes:/home/runner/.m2/repository/org/testng/testng/7.4.0/testng-7.4.0.jar:/home/runner/.m2/repository/com/beust/jcommander/1.78/jcommander-1.78.jar:/home/runner/.m2/repository/org/webjars/jquery/3.5.1/jquery-3.5.1.jar:"/>
    <property name="java.vm.vendor" value="Azul Systems, Inc."/>
    <property name="sun.arch.data.model" value="64"/>
    <property name="java.vendor.url" value="http://www.azul.com/"/>
    <property name="user.timezone" value="Etc/UTC"/>
    <property name="java.vm.specification.version" value="1.8"/>
    <property name="os.name" value="Linux"/>
    <property name="sun.java.launcher" value="SUN_STANDARD"/>
    <property name="sun.boot.library.path" value="/opt/hostedtoolcache/Java_Zulu_jdk/8.0.322-6/x64/jre/lib/amd64"/>
    <property name="sun.java.command" value="/home/runner/work/javainspector/javainspector/core/null/surefire/surefirebooter574377559194434097.jar /home/runner/work/javainspector/javainspector/core/null/surefire 2022-03-15T11-59-18_456-jvmRun1 surefire7693225131471447632tmp surefire_06264700255107425923tmp"/>
    <property name="surefire.test.class.path" value="/home/runner/work/javainspector/javainspector/core/${buildDirectory}/test-classes:/home/runner/work/javainspector/javainspector/core/${buildDirectory}/classes:/home/runner/.m2/repository/org/testng/testng/7.4.0/testng-7.4.0.jar:/home/runner/.m2/repository/com/beust/jcommander/1.78/jcommander-1.78.jar:/home/runner/.m2/repository/org/webjars/jquery/3.5.1/jquery-3.5.1.jar:"/>
    <property name="sun.cpu.endian" value="little"/>
    <property name="user.home" value="/home/runner"/>
    <property name="user.language" value="en"/>
    <property name="java.specification.vendor" value="Oracle Corporation"/>
    <property name="java.home" value="/opt/hostedtoolcache/Java_Zulu_jdk/8.0.322-6/x64/jre"/>
    <property name="basedir" value="/home/runner/work/javainspector/javainspector/core"/>
    <property name="file.separator" value="/"/>
    <property name="line.separator" value="&#10;"/>
    <property name="jdk.vendor.version" value="Zulu 8.60.0.21-CA-linux64"/>
    <property name="java.vm.specification.vendor" value="Oracle Corporation"/>
    <property name="java.specification.name" value="Java Platform API Specification"/>
    <property name="java.awt.graphicsenv" value="sun.awt.X11GraphicsEnvironment"/>
    <property name="surefire.real.class.path" value="/home/runner/work/javainspector/javainspector/core/null/surefire/surefirebooter574377559194434097.jar"/>
    <property name="sun.boot.class.path" value="/opt/hostedtoolcache/Java_Zulu_jdk/8.0.322-6/x64/jre/lib/resources.jar:/opt/hostedtoolcache/Java_Zulu_jdk/8.0.322-6/x64/jre/lib/rt.jar:/opt/hostedtoolcache/Java_Zulu_jdk/8.0.322-6/x64/jre/lib/sunrsasign.jar:/opt/hostedtoolcache/Java_Zulu_jdk/8.0.322-6/x64/jre/lib/jsse.jar:/opt/hostedtoolcache/Java_Zulu_jdk/8.0.322-6/x64/jre/lib/jce.jar:/opt/hostedtoolcache/Java_Zulu_jdk/8.0.322-6/x64/jre/lib/charsets.jar:/opt/hostedtoolcache/Java_Zulu_jdk/8.0.322-6/x64/jre/lib/jfr.jar:/opt/hostedtoolcache/Java_Zulu_jdk/8.0.322-6/x64/jre/lib/cat.jar:/opt/hostedtoolcache/Java_Zulu_jdk/8.0.322-6/x64/jre/classes"/>
    <property name="sun.management.compiler" value="HotSpot 64-Bit Tiered Compilers"/>
    <property name="java.runtime.version" value="1.8.0_322-b06"/>
    <property name="user.name" value="runner"/>
    <property name="path.separator" value=":"/>
    <property name="os.version" value="5.11.0-1028-azure"/>
    <property name="java.endorsed.dirs" value="/opt/hostedtoolcache/Java_Zulu_jdk/8.0.322-6/x64/jre/lib/endorsed"/>
    <property name="java.runtime.name" value="OpenJDK Runtime Environment"/>
    <property name="file.encoding" value="UTF-8"/>
    <property name="java.vm.name" value="OpenJDK 64-Bit Server VM"/>
    <property name="localRepository" value="/home/runner/.m2/repository"/>
    <property name="java.vendor.url.bug" value="http://www.azul.com/support/"/>
    <property name="java.io.tmpdir" value="/tmp"/>
    <property name="java.version" value="1.8.0_322"/>
    <property name="user.dir" value="/home/runner/work/javainspector/javainspector/core"/>
    <property name="os.arch" value="amd64"/>
    <property name="java.vm.specification.name" value="Java Virtual Machine Specification"/>
    <property name="java.awt.printerjob" value="sun.print.PSPrinterJob"/>
    <property name="sun.os.patch.level" value="unknown"/>
    <property name="java.library.path" value="/usr/java/packages/lib/amd64:/usr/lib64:/lib64:/lib:/usr/lib"/>
    <property name="java.vm.info" value="mixed mode"/>
    <property name="java.vendor" value="Azul Systems, Inc."/>
    <property name="java.vm.version" value="25.322-b06"/>
    <property name="java.ext.dirs" value="/opt/hostedtoolcache/Java_Zulu_jdk/8.0.322-6/x64/jre/lib/ext:/usr/java/packages/lib/ext"/>
    <property name="sun.io.unicode.encoding" value="UnicodeLittle"/>
    <property name="java.class.version" value="52.0"/>
  </properties>
  <testcase name="testT" classname="org.bugInspector.javaInspector.WindowTest" time="0.003"/>
</testsuite>